make[1]: Entering directory '/tmp/c/tests'
Making check in lib
Making all in certs
make[1]: Entering directory '/tmp/c/docs/libcurl'
make[2]: Entering directory '/tmp/c/tests/certs'
Making check in opts
Making all in scripts
make[3]: Entering directory '/tmp/c/tests/certs/scripts'
make[3]: Nothing to be done for 'all'.
make[3]: Leaving directory '/tmp/c/tests/certs/scripts'
make[3]: Entering directory '/tmp/c/tests/certs'
make[3]: Nothing to be done for 'all-am'.
make[3]: Leaving directory '/tmp/c/tests/certs'
make[2]: Leaving directory '/tmp/c/tests/certs'
Making all in data
make[2]: Entering directory '/tmp/c/docs/libcurl/opts'
make[2]: Nothing to be done for 'check'.
make[2]: Leaving directory '/tmp/c/docs/libcurl/opts'
make[2]: Entering directory '/tmp/c/tests/data'
make[2]: Nothing to be done for 'all'.
make[2]: Leaving directory '/tmp/c/tests/data'
Making all in server
make[1]: Entering directory '/tmp/c/docs/examples'
make  10-at-a-time altsvc anyauthput certinfo chkspeed connect-to cookie_interface debug default-scheme externalsocket fileupload ftp-wildcard ftpget ftpgetinfo ftpgetresp ftpsget ftpupload ftpuploadfrommem ftpuploadresume getinfo getinmemory getredirect getreferrer headerapi hsts-preload http-options http-post http2-download http2-pushinmemory http2-serverpush http2-upload http3 http3-present httpcustomheader httpput httpput-postfields https imap-append imap-authzid imap-copy imap-create imap-delete imap-examine imap-fetch imap-list imap-lsub imap-multi imap-noop imap-search imap-ssl imap-store imap-tls ipv6 maxconnects multi-app multi-debugcallback multi-double multi-formadd multi-legacy multi-post multi-single parseurl persistent pop3-authzid pop3-dele pop3-list pop3-multi pop3-noop pop3-retr pop3-ssl pop3-stat pop3-tls pop3-top pop3-uidl post-callback postinmemory postit2 postit2-formadd progressfunc protofeats resolve sendrecv sepheaders sftpget sftpuploadresume shared-connection-cache simple simplepost simplessl smtp-authzid smtp-expn smtp-mail smtp-mime smtp-multi smtp-ssl smtp-tls smtp-vrfy sslbackend unixsocket url2file urlapi websocket websocket-cb
make[2]: Entering directory '/tmp/c/docs/libcurl'
make  check-TESTS
make[3]: Entering directory '/tmp/c/docs/libcurl'
make[4]: Entering directory '/tmp/c/docs/libcurl'
make[2]: Entering directory '/tmp/c/docs/examples'
make[2]: '10-at-a-time' is up to date.
make[2]: 'altsvc' is up to date.
make[2]: 'anyauthput' is up to date.
make[2]: 'certinfo' is up to date.
make[2]: 'chkspeed' is up to date.
make[2]: 'connect-to' is up to date.
make[2]: 'cookie_interface' is up to date.
make[2]: 'debug' is up to date.
make[2]: 'default-scheme' is up to date.
make[2]: 'externalsocket' is up to date.
make[2]: 'fileupload' is up to date.
make[2]: 'ftp-wildcard' is up to date.
make[2]: 'ftpget' is up to date.
make[2]: 'ftpgetinfo' is up to date.
make[2]: 'ftpgetresp' is up to date.
make[2]: 'ftpsget' is up to date.
make[2]: 'ftpupload' is up to date.
make[2]: 'ftpuploadfrommem' is up to date.
make[2]: 'ftpuploadresume' is up to date.
make[2]: 'getinfo' is up to date.
make[2]: 'getinmemory' is up to date.
make[2]: 'getredirect' is up to date.
make[2]: 'getreferrer' is up to date.
make[2]: 'headerapi' is up to date.
make[2]: 'hsts-preload' is up to date.
make[2]: 'http-options' is up to date.
make[2]: 'http-post' is up to date.
make[2]: 'http2-download' is up to date.
make[2]: 'http2-pushinmemory' is up to date.
make[2]: 'http2-serverpush' is up to date.
make[2]: 'http2-upload' is up to date.
make[2]: 'http3' is up to date.
make[2]: 'http3-present' is up to date.
make[2]: 'httpcustomheader' is up to date.
make[2]: 'httpput' is up to date.
make[2]: 'httpput-postfields' is up to date.
make[2]: 'https' is up to date.
make[2]: 'imap-append' is up to date.
make[2]: 'imap-authzid' is up to date.
make[2]: 'imap-copy' is up to date.
make[2]: 'imap-create' is up to date.
make[2]: 'imap-delete' is up to date.
make[2]: 'imap-examine' is up to date.
make[2]: 'imap-fetch' is up to date.
make[2]: 'imap-list' is up to date.
make[2]: 'imap-lsub' is up to date.
make[2]: 'imap-multi' is up to date.
make[2]: 'imap-noop' is up to date.
make[2]: 'imap-search' is up to date.
make[2]: 'imap-ssl' is up to date.
make[2]: 'imap-store' is up to date.
make[2]: 'imap-tls' is up to date.
make[2]: 'ipv6' is up to date.
make[2]: 'maxconnects' is up to date.
make[2]: 'multi-app' is up to date.
make[2]: 'multi-debugcallback' is up to date.
make[2]: 'multi-double' is up to date.
make[2]: 'multi-formadd' is up to date.
make[2]: 'multi-legacy' is up to date.
make[2]: 'multi-post' is up to date.
make[2]: 'multi-single' is up to date.
make[2]: 'parseurl' is up to date.
make[2]: 'persistent' is up to date.
make[2]: 'pop3-authzid' is up to date.
make[2]: 'pop3-dele' is up to date.
make[2]: 'pop3-list' is up to date.
make[2]: 'pop3-multi' is up to date.
make[2]: 'pop3-noop' is up to date.
make[2]: 'pop3-retr' is up to date.
make[2]: 'pop3-ssl' is up to date.
make[2]: 'pop3-stat' is up to date.
make[2]: 'pop3-tls' is up to date.
make[2]: 'pop3-top' is up to date.
make[2]: 'pop3-uidl' is up to date.
make[2]: 'post-callback' is up to date.
make[2]: 'postinmemory' is up to date.
make[2]: 'postit2' is up to date.
make[2]: 'postit2-formadd' is up to date.
make[2]: 'progressfunc' is up to date.
make[2]: 'protofeats' is up to date.
make[2]: 'resolve' is up to date.
make[2]: 'sendrecv' is up to date.
make[2]: 'sepheaders' is up to date.
make[2]: 'sftpget' is up to date.
make[2]: 'sftpuploadresume' is up to date.
make[2]: 'shared-connection-cache' is up to date.
make[2]: 'simple' is up to date.
make[2]: 'simplepost' is up to date.
make[2]: 'simplessl' is up to date.
make[2]: 'smtp-authzid' is up to date.
PASS: check-multi
make[2]: 'smtp-expn' is up to date.
make[2]: 'smtp-mail' is up to date.
make[2]: 'smtp-mime' is up to date.
make[2]: 'smtp-multi' is up to date.
make[2]: 'smtp-ssl' is up to date.
make[2]: 'smtp-tls' is up to date.
make[2]: 'smtp-vrfy' is up to date.
make[2]: 'sslbackend' is up to date.
make[2]: 'unixsocket' is up to date.
make[2]: 'url2file' is up to date.
make[2]: 'urlapi' is up to date.
make[2]: 'websocket' is up to date.
make[2]: 'websocket-cb' is up to date.
make[2]: Leaving directory '/tmp/c/docs/examples'
make[1]: Leaving directory '/tmp/c/docs/examples'
PASS: check-easy
make[2]: Entering directory '/tmp/c/tests/server'
  RUN      checksrc
============================================================================
Testsuite summary for curl -
============================================================================
# TOTAL: 2
# PASS:  2
# SKIP:  0
# XFAIL: 0
# FAIL:  0
# XPASS: 0
# ERROR: 0
============================================================================
make[4]: Leaving directory '/tmp/c/docs/libcurl'
make[3]: Leaving directory '/tmp/c/docs/libcurl'
make[2]: Leaving directory '/tmp/c/docs/libcurl'
make[1]: Leaving directory '/tmp/c/docs/libcurl'
make[1]: Entering directory '/tmp/c/lib'
  RUN      checksrc
make[2]: Leaving directory '/tmp/c/tests/server'
Making all in libtest
make[2]: Entering directory '/tmp/c/tests/libtest'
  RUN      checksrc
make[2]: Leaving directory '/tmp/c/tests/libtest'
Making all in http
make[2]: Entering directory '/tmp/c/tests/http'
Making all in clients
make[3]: Entering directory '/tmp/c/tests/http/clients'
make[3]: Nothing to be done for 'all'.
make[3]: Leaving directory '/tmp/c/tests/http/clients'
make[3]: Entering directory '/tmp/c/tests/http'
make[3]: Nothing to be done for 'all-am'.
make[3]: Leaving directory '/tmp/c/tests/http'
make[2]: Leaving directory '/tmp/c/tests/http'
Making all in unit
make[2]: Entering directory '/tmp/c/tests/unit'
make[2]: Nothing to be done for 'all'.
make[2]: Leaving directory '/tmp/c/tests/unit'
make[2]: Entering directory '/tmp/c/tests'
cd libtest && make checksrc
make[3]: Entering directory '/tmp/c/tests/libtest'
  RUN      checksrc
make[3]: Leaving directory '/tmp/c/tests/libtest'
cd unit && make checksrc
make[3]: Entering directory '/tmp/c/tests/unit'
  RUN      checksrc
make[3]: Leaving directory '/tmp/c/tests/unit'
cd server && make checksrc
make[3]: Entering directory '/tmp/c/tests/server'
  RUN      checksrc
make[3]: Leaving directory '/tmp/c/tests/server'
cd http && make checksrc
make[3]: Entering directory '/tmp/c/tests/http'
cd clients && make checksrc
make[4]: Entering directory '/tmp/c/tests/http/clients'
  RUN      checksrc
make[4]: Leaving directory '/tmp/c/tests/http/clients'
make[3]: Leaving directory '/tmp/c/tests/http'
make[2]: Leaving directory '/tmp/c/tests'
srcdir=/home/user/curl/tests /usr/bin/perl -I/home/user/curl/tests /home/user/curl/tests/runtests.pl -a  -j11 unittest "server sha256 key check" 
sh: line 1: nghttpx -v 2>/dev/null: No such file or directory
********* System characteristics ******** 
* curl 8.2.1-DEV (x86_64-pc-linux-gnu) 
* libcurl/8.2.1-DEV OpenSSL/1.1.1u zlib/1.2.12 brotli/1.0.9 zstd/1.4.8 libidn2/2.3.0 libpsl/0.21.1 (+libidn2/2.3.0) libssh2/1.11.1_DEV nghttp2/1.42.0 OpenLDAP/2.4.57
* Features: alt-svc AsynchDNS brotli Debug HSTS HTTP2 HTTPS-proxy IDN IPv6 Largefile libz NTLM NTLM_WB PSL SSL threadsafe TLS-SRP TrackMemory UnixSockets zstd
* Disabled: 
* Host: localhost
* System: Linux localhost 5.15.88 #1 SMP Sat Jan 14 15:00:41 UTC 2023 x86_64 x86_64 x86_64 GNU/Linux
* OS: linux
* Jobs: 11
*
*** DISABLES memory tracking when using threaded resolver
*
* Env: Valgrind 
* Seed: 223038
* Servers: SSL HTTP-IPv6 HTTP-unix FTP-IPv6 
***************************************** 
test 0001 SKIPPED: disabled by missing keyword
test 0002 SKIPPED: disabled by missing keyword
test 0003 SKIPPED: disabled by missing keyword
test 0096 SKIPPED: curl lacks TrackMemory support
test 0375 SKIPPED: curl has proxy support
test 0506 SKIPPED: curl has threaded-resolver support
test 0558 SKIPPED: curl lacks TrackMemory support
test 0959 SKIPPED: curl has idn support
test 0960 SKIPPED: curl has idn support
test 0961 SKIPPED: curl has idn support
test 1282 SKIPPED: curl lacks GSS-API support
test 1330 SKIPPED: curl lacks TrackMemory support
test 1454 SKIPPED: curl has ipv6 support
test 1703 SKIPPED: curl lacks Unicode support
test 2033 SKIPPED: curl lacks Schannel support
test 2056 SKIPPED: curl lacks GSS-API support
test 2057 SKIPPED: curl lacks GSS-API support
test 2070 SKIPPED: curl lacks Schannel support
test 2079 SKIPPED: curl lacks Schannel support
test 2500 SKIPPED: curl lacks http/3 support
test 2501 SKIPPED: curl lacks http/3 support
test 2502 SKIPPED: curl lacks http/3 support
make[1]: Leaving directory '/tmp/c/lib'
Making check in src
make[1]: Entering directory '/tmp/c/src'
Making check in ../docs
make[2]: Entering directory '/tmp/c/docs'
Making check in .
make[3]: Entering directory '/tmp/c/docs'
make[3]: Nothing to be done for 'check-am'.
make[3]: Leaving directory '/tmp/c/docs'
Making check in cmdline-opts
make[3]: Entering directory '/tmp/c/docs/cmdline-opts'
make[3]: Nothing to be done for 'check'.
make[3]: Leaving directory '/tmp/c/docs/cmdline-opts'
make[2]: Leaving directory '/tmp/c/docs'
make[2]: Entering directory '/tmp/c/src'
  RUN      checksrc
make[2]: Leaving directory '/tmp/c/src'
make[1]: Leaving directory '/tmp/c/src'
make[1]: Entering directory '/tmp/c'
make[1]: Nothing to be done for 'check-am'.
make[1]: Leaving directory '/tmp/c'
test 0517...[curl_getdate() testing]
-------e-v- OK (1   out of 49 , remaining: 01:29, took 1.426s, duration: 00:01)
test 1323...[curlx_tvdiff]
-------e-v- OK (11  out of 49 , remaining: 00:06, took 1.479s, duration: 00:01)
test 1300...[llist unit tests]
-------e-v- OK (3   out of 49 , remaining: 00:34, took 1.823s, duration: 00:02)
test 1308...[formpost unit tests]
-------e-v- OK (9   out of 49 , remaining: 00:10, took 1.989s, duration: 00:02)
test 1304...[netrc parsing unit tests]
-------e-v- OK (6   out of 49 , remaining: 00:17, took 2.041s, duration: 00:02)
test 1305...[internal hash create/destroy testing]
-------e-v- OK (7   out of 49 , remaining: 00:16, took 2.357s, duration: 00:02)
test 1302...[base64 encode/decode unit tests]
-------e-v- OK (4   out of 49 , remaining: 00:31, took 2.420s, duration: 00:02)
test 1303...[Curl_timeleft unit tests]
-------e-v- OK (5   out of 49 , remaining: 00:25, took 2.535s, duration: 00:02)
test 1306...[internal hash create/add/destroy testing]
-------e-v- OK (8   out of 49 , remaining: 00:15, took 2.598s, duration: 00:02)
test 0557...[curl_mprintf() testing]
s------e-v- OK (2   out of 49 , remaining: 01:14, took 2.754s, duration: 00:03)
test 1309...[splay unit tests]
s------e-v- OK (10  out of 49 , remaining: 00:13, took 3.051s, duration: 00:03)
test 1395...[Curl_dedotdotify]
-------e-v- OK (13  out of 49 , remaining: 00:10, took 1.963s, duration: 00:03)
test 1394...[unit test for parse_cert_parameter()]
-------e-v- OK (12  out of 49 , remaining: 00:12, took 2.225s, duration: 00:04)
test 1398...[curl_msnprintf unit tests]
-------e-v- OK (16  out of 49 , remaining: 00:08, took 1.800s, duration: 00:04)
test 1397...[Curl_cert_hostcheck unit tests]
-------e-v- OK (15  out of 49 , remaining: 00:10, took 2.084s, duration: 00:04)
test 1399...[Curl_pgrsTime unit tests]
-------e-v- OK (17  out of 49 , remaining: 00:08, took 1.949s, duration: 00:04)
test 1601...[MD5 unit tests]
-------e-v- OK (20  out of 49 , remaining: 00:06, took 1.788s, duration: 00:04)
test 1603...[Internal hash add, retrieval, deletion testing]
-------e-v- OK (22  out of 49 , remaining: 00:06, took 1.517s, duration: 00:04)
test 1602...[Internal hash create/add/destroy testing, exercising clean functions]
-------e-v- OK (21  out of 49 , remaining: 00:06, took 1.846s, duration: 00:04)
test 1396...[curl_easy_escape and curl_easy_unescape]
-------e-v- OK (14  out of 49 , remaining: 00:12, took 2.820s, duration: 00:05)
test 1604...[Test WIN32/MSDOS filename sanitization]
-------e-v- OK (23  out of 49 , remaining: 00:06, took 1.762s, duration: 00:05)
test 1600...[NTLM unit tests]
-------e-v- OK (19  out of 49 , remaining: 00:09, took 2.783s, duration: 00:05)
test 1612...[HMAC unit tests]
-------e-v- OK (31  out of 49 , remaining: 00:03, took 1.471s, duration: 00:06)
test 1609...[CURLOPT_RESOLVE parsing]
-------e-v- OK (28  out of 49 , remaining: 00:04, took 1.828s, duration: 00:06)
test 1605...[Test negative data lengths as input to libcurl functions]
-------e-v- OK (24  out of 49 , remaining: 00:06, took 2.596s, duration: 00:06)
test 1611...[MD4 unit tests]
-------e-v- OK (30  out of 49 , remaining: 00:04, took 1.766s, duration: 00:06)
test 1606...[verify speedcheck]
-------e-v- OK (25  out of 49 , remaining: 00:06, took 2.560s, duration: 00:06)
test 1607...[CURLOPT_RESOLVE parsing]
-------e-v- OK (26  out of 49 , remaining: 00:06, took 2.410s, duration: 00:06)
test 1608...[verify DNS shuffling]
-------e-v- OK (27  out of 49 , remaining: 00:05, took 2.585s, duration: 00:07)
test 1614...[noproxy and cidr comparisons]
-------e-v- OK (32  out of 49 , remaining: 00:03, took 1.773s, duration: 00:07)
test 1610...[SHA256 unit tests]
-------e-v- OK (29  out of 49 , remaining: 00:05, took 2.462s, duration: 00:07)
test 1560...[URL API]
s------e-v- OK (18  out of 49 , remaining: 00:13, took 4.881s, duration: 00:07)
test 1650...[DOH]
-------e-v- OK (35  out of 49 , remaining: 00:03, took 1.325s, duration: 00:07)
test 1621...[unit tests for stripcredentials from URL]
-------e-v- OK (34  out of 49 , remaining: 00:03, took 1.452s, duration: 00:07)
test 1651...[x509 parsing]
-------e-v- OK (36  out of 49 , remaining: 00:02, took 1.354s, duration: 00:08)
test 1620...[unit tests for url.c]
-------e-v- OK (33  out of 49 , remaining: 00:04, took 2.809s, duration: 00:08)
test 1655...[unit test for doh_encode]
-------e-v- OK (40  out of 49 , remaining: 00:01, took 1.374s, duration: 00:08)
test 1654...[alt-svc]
------oe-v- OK (39  out of 49 , remaining: 00:02, took 2.005s, duration: 00:08)
test 1652...[infof]
-------e-v- OK (37  out of 49 , remaining: 00:02, took 2.257s, duration: 00:09)
test 1653...[urlapi port number parsing]
-------e-v- OK (38  out of 49 , remaining: 00:02, took 2.325s, duration: 00:09)
test 2603...[http1 parser unit tests]
-------e-v- OK (46  out of 49 , remaining: 00:00, took 1.342s, duration: 00:09)
test 1661...[bufref unit tests]
-------e-v- OK (42  out of 49 , remaining: 00:01, took 2.071s, duration: 00:09)
test 2602...[dynhds unit tests]
-------e-v- OK (45  out of 49 , remaining: 00:00, took 1.640s, duration: 00:09)
test 1660...[HSTS]
s-----oe-v- OK (41  out of 49 , remaining: 00:02, took 2.882s, duration: 00:10)
test 3200...[curl_get_line unit tests]
-------e-v- OK (49  out of 49 , remaining: 00:00, took 1.408s, duration: 00:10)
test 2601...[bufq unit tests]
-------e-v- OK (44  out of 49 , remaining: 00:01, took 2.711s, duration: 00:10)
test 3022...[SCP correct sha256 host key]

 3022: data FAILED:
--- log/5/check-expected	2023-07-27 11:49:10.207413846 -0700
+++ log/5/check-generated	2023-07-27 11:49:10.207413846 -0700
@@ -1 +0,0 @@
-test[LF]
test 3021...[SFTP correct sha256 host key]

 3021: data FAILED:
--- log/7/check-expected	2023-07-27 11:49:11.086446755 -0700
+++ log/7/check-generated	2023-07-27 11:49:11.086446755 -0700
@@ -1 +0,0 @@
-test[LF]
test 2600...[connection filter connect/destroy unit tests]
-------e-v- OK (43  out of 49 , remaining: 00:01, took 6.373s, duration: 00:14)
TESTDONE: 1611 tests were considered during 14 seconds.
TESTINFO: 1562 tests were skipped due to these restraints:
TESTINFO: "disabled by missing keyword" 1521 times (1, 2, 3, 4, 5, 6, 7, 8, 9 and 1512 more)
TESTINFO: "configured as DISABLED" 16 times (323, 594, 836, 882, 938, 1182, 1184, 1209, 1211 and 7 more)
TESTINFO: "curl lacks Schannel support" 6 times (2033, 2070, 2079, 2087, 3023, 3024)
TESTINFO: "curl lacks GSS-API support" 5 times (1282, 2056, 2057, 2077, 2078)
TESTINFO: "curl lacks http/3 support" 4 times (2500, 2501, 2502, 2503)
TESTINFO: "curl has idn support" 3 times (959, 960, 961)
TESTINFO: "curl lacks TrackMemory support" 3 times (96, 558, 1330)
TESTINFO: "curl has proxy support" 1 time (375)
TESTINFO: "curl lacks Unicode support" 1 time (1703)
TESTINFO: "curl has ipv6 support" 1 time (1454)
TESTINFO: "curl has threaded-resolver support" 1 time (506)
TESTDONE: 47 tests out of 49 reported OK: 95%

TESTFAIL: These test cases failed: 3022 3021 

make[1]: *** [Makefile:820: quiet-test] Error 1
make[1]: Leaving directory '/tmp/c/tests'
make: *** [Makefile:1726: test] Error 2
