============================= test session starts ==============================
platform linux -- Python 3.8.14, pytest-6.1.2, py-1.9.0, pluggy-0.13.1 -- /usr/bin/python3
cachedir: .pytest_cache
rootdir: /home/user/testclutch
collecting ... collected 8 items

tests/test_curlparse.py::TestCurlParse::test_aborted PASSED              [ 12%]
tests/test_curlparse.py::TestCurlParse::test_event PASSED                [ 25%]
tests/test_curlparse.py::TestCurlParse::test_short PASSED                [ 37%]
tests/test_curlparse.py::TestCurlParse::test_torture PASSED              [ 50%]
tests/test_curlparse.py::TestCurlParse::test_truncated PASSED            [ 62%]
tests/test_curlparse.py::TestCurlParse::test_valgrind PASSED             [ 75%]
tests/test_pytestparse.py::TestCurlParse::test_truncated PASSED          [ 87%]
tests/test_pytestparse.py::TestCurlParse::test_verbose PASSED            [100%]

============================== 8 passed in 0.08s ===============================
